<?xml version="1.0" encoding="UTF-8"?>
<!-- Generated by org.testng.reporters.JUnitReportReporter -->
<testsuite skipped="0" hostname="LAPTOP-HCQBPV8U" name="userTest.EditUser1" tests="1" failures="0" timestamp="2021-10-20T10:45:11 IST" time="62.789" errors="0">
  <testcase name="EditUserTest" time="62.789" classname="userTest.EditUser1"/>
  <system-out/>
</testsuite> <!-- userTest.EditUser1 -->
