<?xml version="1.0" encoding="UTF-8"?>
<!-- Generated by org.testng.reporters.JUnitReportReporter -->
<testsuite skipped="0" hostname="LAPTOP-HCQBPV8U" name="userTest.Download1" tests="1" failures="0" timestamp="2021-10-19T21:21:42 IST" time="59.047" errors="0">
  <testcase name="DownloadTest" time="59.047" classname="userTest.Download1"/>
  <system-out/>
</testsuite> <!-- userTest.Download1 -->
