<?xml version="1.0" encoding="UTF-8"?>
<!-- Generated by org.testng.reporters.JUnitReportReporter -->
<testsuite skipped="0" hostname="LAPTOP-HCQBPV8U" name="userTest.Course" tests="1" failures="0" timestamp="2021-10-20T11:14:30 IST" time="81.600" errors="0">
  <testcase name="VerifyUserTest" time="81.600" classname="userTest.Course"/>
  <system-out/>
</testsuite> <!-- userTest.Course -->
